{"email":"s1@gmail.com","level":"info","message":"📩 Dados recebidos:","timestamp":"2025-04-02T22:12:55.424Z"}
{"email":"s1@gmail.com","level":"info","message":"✅ Login bem-sucedido para:","timestamp":"2025-04-02T22:12:55.703Z"}
{"email":"s1@gmail.com","level":"info","message":"📩 Dados recebidos:","timestamp":"2025-04-03T08:40:15.636Z"}
{"email":"s1@gmail.com","level":"info","message":"✅ Login bem-sucedido para:","timestamp":"2025-04-03T08:40:15.843Z"}
{"email":"s1@gmail.com","level":"info","message":"📩 Dados recebidos:","timestamp":"2025-04-03T08:47:20.333Z"}
{"email":"s1@gmail.com","level":"info","message":"✅ Login bem-sucedido para:","timestamp":"2025-04-03T08:47:20.520Z"}
{"email":"s1@gmail.com","level":"info","message":"📩 Dados recebidos:","timestamp":"2025-04-10T09:32:06.344Z"}
{"email":"s1@gmail.com","level":"info","message":"✅ Login bem-sucedido para:","timestamp":"2025-04-10T09:32:06.727Z"}
{"email":"s1@gmail.com","level":"info","message":"📩 Dados recebidos:","timestamp":"2025-04-10T09:42:02.451Z"}
{"email":"s1@gmail.com","level":"info","message":"✅ Login bem-sucedido para:","timestamp":"2025-04-10T09:42:02.585Z"}
{"email":"1@gmail.com","level":"info","message":"📩 Dados recebidos:","timestamp":"2025-04-21T15:17:07.930Z"}
{"email":"1@gmail.com","level":"info","message":"✅ Login bem-sucedido para:","timestamp":"2025-04-21T15:17:08.167Z"}
{"email":"1@gmail.com","level":"info","message":"📩 Dados recebidos:","timestamp":"2025-04-21T15:31:25.272Z"}
{"email":"1@gmail.com","level":"info","message":"✅ Login bem-sucedido para:","timestamp":"2025-04-21T15:31:25.360Z"}
{"email":"2@gmail.com","level":"info","message":"📩 Dados recebidos:","timestamp":"2025-04-21T15:40:21.033Z"}
{"email":"2@gmail.com","level":"info","message":"✅ Login bem-sucedido para:","timestamp":"2025-04-21T15:40:21.183Z"}
{"email":"s1@gmail.com","level":"info","message":"📩 Dados recebidos:","timestamp":"2025-04-24T09:36:25.671Z"}
{"email":"s1@gmail.com","level":"info","message":"✅ Login bem-sucedido para:","timestamp":"2025-04-24T09:36:25.992Z"}
{"email":"s1@gmail.com","level":"info","message":"📩 Dados recebidos:","timestamp":"2025-04-24T09:38:01.497Z"}
{"email":"s1@gmail.com","level":"info","message":"✅ Login bem-sucedido para:","timestamp":"2025-04-24T09:38:01.793Z"}
{"email":"s1@gmail.com","level":"info","message":"📩 Dados recebidos:","timestamp":"2025-04-24T11:53:57.985Z"}
{"email":"s1@gmail.com","level":"info","message":"✅ Login bem-sucedido para:","timestamp":"2025-04-24T11:53:58.360Z"}
{"email":"s1@gmail.com","level":"info","message":"📩 Dados recebidos:","timestamp":"2025-04-24T15:01:32.655Z"}
{"email":"s1@gmail.com","level":"info","message":"✅ Login bem-sucedido para:","timestamp":"2025-04-24T15:01:32.897Z"}
{"email":"1@gmail.com","level":"info","message":"📩 Dados recebidos:","timestamp":"2025-04-24T15:03:06.339Z"}
{"email":"1@gmail.com","level":"info","message":"✅ Login bem-sucedido para:","timestamp":"2025-04-24T15:03:06.422Z"}
{"email":"s1@gmail.com","level":"info","message":"📩 Dados recebidos:","timestamp":"2025-04-24T15:03:38.360Z"}
{"email":"s1@gmail.com","level":"info","message":"✅ Login bem-sucedido para:","timestamp":"2025-04-24T15:03:38.437Z"}
{"email":"s1@gmail.com","level":"info","message":"📩 Dados recebidos:","timestamp":"2025-04-24T15:25:10.502Z"}
{"email":"s1@gmail.com","level":"info","message":"✅ Login bem-sucedido para:","timestamp":"2025-04-24T15:25:10.617Z"}
{"email":"s1@gmail.com","level":"info","message":"📩 Dados recebidos:","timestamp":"2025-04-24T15:43:48.341Z"}
{"email":"s1@gmail.com","level":"info","message":"✅ Login bem-sucedido para:","timestamp":"2025-04-24T15:43:48.551Z"}
{"email":"s1@gmail.com","level":"info","message":"📩 Dados recebidos:","timestamp":"2025-04-24T15:43:48.890Z"}
{"email":"s1@gmail.com","level":"info","message":"✅ Login bem-sucedido para:","timestamp":"2025-04-24T15:43:48.983Z"}
{"email":"s1@gmail.com","level":"info","message":"📩 Dados recebidos:","timestamp":"2025-04-25T11:25:57.859Z"}
{"email":"s1@gmail.com","level":"info","message":"✅ Login bem-sucedido para:","timestamp":"2025-04-25T11:25:58.250Z"}
{"email":"2@gmail.com","level":"info","message":"📩 Dados recebidos:","timestamp":"2025-04-25T11:27:19.593Z"}
{"email":"2@gmail.com","level":"info","message":"✅ Login bem-sucedido para:","timestamp":"2025-04-25T11:27:19.941Z"}
{"email":"2@gmail.com","level":"info","message":"📩 Dados recebidos:","timestamp":"2025-04-30T13:09:55.366Z"}
{"email":"2@gmail.com","level":"info","message":"✅ Login bem-sucedido para:","timestamp":"2025-04-30T13:09:55.633Z"}
{"email":"s1@gmail.com","level":"info","message":"📩 Dados recebidos:","timestamp":"2025-04-30T13:17:42.205Z"}
{"email":"s1@gmail.com","level":"info","message":"✅ Login bem-sucedido para:","timestamp":"2025-04-30T13:17:42.392Z"}
{"email":"s1@gmail.com","level":"info","message":"📩 Dados recebidos:","timestamp":"2025-05-07T14:53:16.672Z"}
{"email":"s1@gmail.com","level":"info","message":"✅ Login bem-sucedido para:","timestamp":"2025-05-07T14:53:16.861Z"}
{"email":"s1@gmail.com","level":"info","message":"📩 Dados recebidos:","timestamp":"2025-05-07T15:22:56.275Z"}
{"email":"s1@gmail.com","level":"info","message":"✅ Login bem-sucedido para:","timestamp":"2025-05-07T15:22:56.419Z"}
{"email":"s1@gmail.com","level":"info","message":"📩 Dados recebidos:","timestamp":"2025-05-13T13:25:27.670Z"}
{"email":"s1@gmail.com","level":"info","message":"✅ Login bem-sucedido para:","timestamp":"2025-05-13T13:25:27.868Z"}
{"email":"s1@gmail.com","level":"info","message":"📩 Dados recebidos:","timestamp":"2025-05-13T15:32:45.176Z"}
{"email":"s1@gmail.com","level":"info","message":"✅ Login bem-sucedido para:","timestamp":"2025-05-13T15:32:45.396Z"}
{"email":"2@gmail.com","level":"info","message":"📩 Dados recebidos:","timestamp":"2025-05-13T15:34:40.779Z"}
{"email":"2@gmail.com","level":"info","message":"✅ Login bem-sucedido para:","timestamp":"2025-05-13T15:34:40.987Z"}
{"email":"s1@gmail.com","level":"info","message":"📩 Dados recebidos:","timestamp":"2025-05-13T15:35:07.095Z"}
{"email":"s1@gmail.com","level":"info","message":"✅ Login bem-sucedido para:","timestamp":"2025-05-13T15:35:07.308Z"}
{"email":"s1@gmail.com","level":"info","message":"📩 Dados recebidos:","timestamp":"2025-05-13T19:51:45.063Z"}
{"email":"s1@gmail.com","level":"info","message":"✅ Login bem-sucedido para:","timestamp":"2025-05-13T19:51:45.237Z"}
{"email":"s1@gmail.com","level":"info","message":"📩 Dados recebidos:","timestamp":"2025-05-13T19:52:13.284Z"}
{"email":"s1@gmail.com","level":"info","message":"✅ Login bem-sucedido para:","timestamp":"2025-05-13T19:52:13.464Z"}
{"email":"s1@gmail.com","level":"info","message":"📩 Dados recebidos:","timestamp":"2025-05-13T20:19:09.538Z"}
{"email":"s1@gmail.com","level":"info","message":"✅ Login bem-sucedido para:","timestamp":"2025-05-13T20:19:09.716Z"}
{"email":"2@gmail.com","level":"info","message":"📩 Dados recebidos:","timestamp":"2025-05-13T20:55:20.805Z"}
{"email":"2@gmail.com","level":"info","message":"✅ Login bem-sucedido para:","timestamp":"2025-05-13T20:55:20.979Z"}
{"email":"2@gmail.com","level":"info","message":"📩 Dados recebidos:","timestamp":"2025-05-13T21:13:25.894Z"}
{"email":"2@gmail.com","level":"info","message":"✅ Login bem-sucedido para:","timestamp":"2025-05-13T21:13:26.000Z"}
{"email":"2@gmail.com","level":"info","message":"📩 Dados recebidos:","timestamp":"2025-05-14T12:36:30.037Z"}
{"email":"2@gmail.com","level":"info","message":"✅ Login bem-sucedido para:","timestamp":"2025-05-14T12:36:30.255Z"}
{"email":"2@gmail.com","level":"info","message":"📩 Dados recebidos:","timestamp":"2025-05-14T12:51:24.055Z"}
{"email":"2@gmail.com","level":"info","message":"✅ Login bem-sucedido para:","timestamp":"2025-05-14T12:51:24.205Z"}
{"email":"s1@gmail.com","level":"info","message":"📩 Dados recebidos:","timestamp":"2025-05-14T12:51:46.821Z"}
{"email":"s1@gmail.com","level":"info","message":"✅ Login bem-sucedido para:","timestamp":"2025-05-14T12:51:47.017Z"}
{"email":"s1@gmail.com","level":"info","message":"📩 Dados recebidos:","timestamp":"2025-05-14T13:19:17.116Z"}
{"email":"s1@gmail.com","level":"info","message":"✅ Login bem-sucedido para:","timestamp":"2025-05-14T13:19:17.342Z"}
{"email":"2@gmail.com","level":"info","message":"📩 Dados recebidos:","timestamp":"2025-05-14T13:45:24.935Z"}
{"email":"2@gmail.com","level":"info","message":"✅ Login bem-sucedido para:","timestamp":"2025-05-14T13:45:25.238Z"}
{"email":"s1@gmail.com","level":"info","message":"📩 Dados recebidos:","timestamp":"2025-05-14T14:31:14.861Z"}
{"email":"s1@gmail.com","level":"info","message":"✅ Login bem-sucedido para:","timestamp":"2025-05-14T14:31:20.179Z"}
{"email":"2@gmail.com","level":"info","message":"📩 Dados recebidos:","timestamp":"2025-05-14T14:32:53.590Z"}
{"email":"2@gmail.com","level":"info","message":"✅ Login bem-sucedido para:","timestamp":"2025-05-14T14:32:53.739Z"}
{"email":"s1@gmail.com","level":"info","message":"📩 Dados recebidos:","timestamp":"2025-05-14T14:56:51.840Z"}
{"email":"s1@gmail.com","level":"info","message":"✅ Login bem-sucedido para:","timestamp":"2025-05-14T14:56:51.976Z"}
{"email":"2@gmail.com","level":"info","message":"📩 Dados recebidos:","timestamp":"2025-05-14T15:04:25.463Z"}
{"email":"2@gmail.com","level":"info","message":"✅ Login bem-sucedido para:","timestamp":"2025-05-14T15:04:25.626Z"}
{"email":"2@gmail.com","level":"info","message":"📩 Dados recebidos:","timestamp":"2025-05-14T15:04:32.176Z"}
{"email":"2@gmail.com","level":"info","message":"✅ Login bem-sucedido para:","timestamp":"2025-05-14T15:04:32.253Z"}
{"email":"2@gmail.com","level":"info","message":"📩 Dados recebidos:","timestamp":"2025-05-14T19:23:37.484Z"}
{"email":"2@gmail.com","level":"info","message":"✅ Login bem-sucedido para:","timestamp":"2025-05-14T19:23:37.770Z"}
{"email":"1@gmail.com","level":"info","message":"📩 Dados recebidos:","timestamp":"2025-05-15T11:19:05.911Z"}
{"email":"1@gmail.com","level":"info","message":"✅ Login bem-sucedido para:","timestamp":"2025-05-15T11:19:06.047Z"}
{"email":"1@gmail.com","level":"info","message":"📩 Dados recebidos:","timestamp":"2025-05-15T11:20:01.512Z"}
{"email":"1@gmail.com","level":"info","message":"✅ Login bem-sucedido para:","timestamp":"2025-05-15T11:20:01.723Z"}
{"email":"s1@gmail.com","level":"info","message":"📩 Dados recebidos:","timestamp":"2025-05-15T11:20:12.657Z"}
{"email":"s1@gmail.com","level":"info","message":"✅ Login bem-sucedido para:","timestamp":"2025-05-15T11:20:12.766Z"}
{"email":"2@gmail.com","level":"info","message":"📩 Dados recebidos:","timestamp":"2025-05-15T11:20:41.080Z"}
{"email":"2@gmail.com","level":"info","message":"✅ Login bem-sucedido para:","timestamp":"2025-05-15T11:20:41.442Z"}
{"email":"s1@gmail.com","level":"info","message":"📩 Dados recebidos:","timestamp":"2025-05-15T11:22:10.364Z"}
{"email":"s1@gmail.com","level":"info","message":"✅ Login bem-sucedido para:","timestamp":"2025-05-15T11:22:10.541Z"}
{"email":"2@gmail.com","level":"info","message":"📩 Dados recebidos:","timestamp":"2025-05-15T14:29:35.479Z"}
{"email":"2@gmail.com","level":"info","message":"✅ Login bem-sucedido para:","timestamp":"2025-05-15T14:29:35.807Z"}
{"email":"s1@gmail.com","level":"info","message":"📩 Dados recebidos:","timestamp":"2025-05-15T14:31:17.656Z"}
{"email":"s1@gmail.com","level":"info","message":"✅ Login bem-sucedido para:","timestamp":"2025-05-15T14:31:17.771Z"}
{"email":"s1@gmail.com","level":"info","message":"📩 Dados recebidos:","timestamp":"2025-05-15T14:43:42.238Z"}
{"email":"s1@gmail.com","level":"info","message":"✅ Login bem-sucedido para:","timestamp":"2025-05-15T14:43:42.467Z"}
{"email":"s1@gmail.com","level":"info","message":"📩 Dados recebidos:","timestamp":"2025-05-16T19:02:42.491Z"}
{"email":"s1@gmail.com","level":"info","message":"✅ Login bem-sucedido para:","timestamp":"2025-05-16T19:02:42.674Z"}
{"email":"s1@gmail.com","level":"info","message":"📩 Dados recebidos:","timestamp":"2025-05-16T20:52:02.434Z"}
{"email":"s1@gmail.com","level":"info","message":"✅ Login bem-sucedido para:","timestamp":"2025-05-16T20:52:02.770Z"}
{"email":"s1@gmail.com","level":"info","message":"📩 Dados recebidos:","timestamp":"2025-05-16T21:11:31.607Z"}
{"email":"s1@gmail.com","level":"info","message":"✅ Login bem-sucedido para:","timestamp":"2025-05-16T21:11:31.814Z"}
{"email":"s1@gmail.com","level":"info","message":"📩 Dados recebidos:","timestamp":"2025-05-16T22:15:37.410Z"}
{"email":"s1@gmail.com","level":"info","message":"✅ Login bem-sucedido para:","timestamp":"2025-05-16T22:15:37.517Z"}
{"email":"2@gmail.com","level":"info","message":"📩 Dados recebidos:","timestamp":"2025-05-16T22:15:59.133Z"}
{"email":"2@gmail.com","level":"info","message":"✅ Login bem-sucedido para:","timestamp":"2025-05-16T22:15:59.333Z"}
{"email":"s1@gmail.com","level":"info","message":"📩 Dados recebidos:","timestamp":"2025-05-16T22:17:20.185Z"}
{"email":"s1@gmail.com","level":"info","message":"✅ Login bem-sucedido para:","timestamp":"2025-05-16T22:17:20.533Z"}
{"email":"s1@gmail.com","level":"info","message":"📩 Dados recebidos:","timestamp":"2025-05-16T22:22:57.229Z"}
{"email":"s1@gmail.com","level":"info","message":"✅ Login bem-sucedido para:","timestamp":"2025-05-16T22:22:57.378Z"}
{"email":"s1@gmail.com","level":"info","message":"📩 Dados recebidos:","timestamp":"2025-05-16T23:05:17.596Z"}
{"email":"s1@gmail.com","level":"info","message":"✅ Login bem-sucedido para:","timestamp":"2025-05-16T23:05:17.995Z"}
{"email":"2@gmail.com","level":"info","message":"📩 Dados recebidos:","timestamp":"2025-05-17T12:58:00.570Z"}
{"email":"2@gmail.com","level":"info","message":"✅ Login bem-sucedido para:","timestamp":"2025-05-17T12:58:00.720Z"}
{"email":"s1@gmail.com","level":"info","message":"📩 Dados recebidos:","timestamp":"2025-05-17T12:59:04.554Z"}
{"email":"s1@gmail.com","level":"info","message":"✅ Login bem-sucedido para:","timestamp":"2025-05-17T12:59:04.704Z"}
{"email":"s1@gmail.com","level":"info","message":"📩 Dados recebidos:","timestamp":"2025-05-17T13:24:33.506Z"}
{"email":"s1@gmail.com","level":"info","message":"✅ Login bem-sucedido para:","timestamp":"2025-05-17T13:24:33.669Z"}
{"email":"s1@gmail.com","level":"info","message":"📩 Dados recebidos:","timestamp":"2025-05-17T13:54:27.809Z"}
{"email":"s1@gmail.com","level":"info","message":"✅ Login bem-sucedido para:","timestamp":"2025-05-17T13:54:27.904Z"}
{"email":"s1@gmail.com","level":"info","message":"📩 Dados recebidos:","timestamp":"2025-05-17T15:41:06.004Z"}
{"email":"s1@gmail.com","level":"info","message":"✅ Login bem-sucedido para:","timestamp":"2025-05-17T15:41:06.184Z"}
{"level":"info","message":"Iniciando registro de usuário","timestamp":"2025-05-17T15:41:41.059Z"}
{"email":"diogolopes123@gmail.com","id":13,"level":"info","message":"Usuário registrado com sucesso:","timestamp":"2025-05-17T15:41:41.290Z"}
{"email":"diogolopes123@gmail.com","level":"info","message":"📩 Dados recebidos:","timestamp":"2025-05-17T15:41:48.029Z"}
{"email":"diogolopes123@gmail.com","level":"info","message":"✅ Login bem-sucedido para:","timestamp":"2025-05-17T15:41:48.144Z"}
{"email":"diogolopes123@gmail.com","level":"info","message":"📩 Dados recebidos:","timestamp":"2025-05-17T15:45:08.105Z"}
{"email":"diogolopes123@gmail.com","level":"info","message":"✅ Login bem-sucedido para:","timestamp":"2025-05-17T15:45:08.333Z"}
{"email":"diogolopes123@gmail.com","level":"info","message":"📩 Dados recebidos:","timestamp":"2025-05-17T15:49:16.283Z"}
{"email":"diogolopes123@gmail.com","level":"info","message":"✅ Login bem-sucedido para:","timestamp":"2025-05-17T15:49:16.435Z"}
{"level":"info","message":"Iniciando registro de usuário","timestamp":"2025-05-17T15:51:39.175Z"}
{"email":"PedroSantos@esbbe.pt","id":14,"level":"info","message":"Usuário registrado com sucesso:","timestamp":"2025-05-17T15:51:39.329Z"}
{"email":"PedroSantos@esbbe.pt","level":"info","message":"📩 Dados recebidos:","timestamp":"2025-05-17T15:51:51.762Z"}
{"email":"PedroSantos@esbbe.pt","level":"info","message":"📩 Dados recebidos:","timestamp":"2025-05-17T15:51:59.772Z"}
{"email":"PedroSantos@esbbe.pt","level":"info","message":"📩 Dados recebidos:","timestamp":"2025-05-17T15:52:12.957Z"}
{"email":"PedroSantos@esbbe.pt","level":"info","message":"✅ Login bem-sucedido para:","timestamp":"2025-05-17T15:52:13.095Z"}
{"email":"s1@gmail.com","level":"info","message":"📩 Dados recebidos:","timestamp":"2025-05-17T16:11:18.683Z"}
{"email":"s1@gmail.com","level":"info","message":"✅ Login bem-sucedido para:","timestamp":"2025-05-17T16:11:18.926Z"}
{"email":"2@gmail.com","level":"info","message":"📩 Dados recebidos:","timestamp":"2025-05-17T16:11:59.183Z"}
{"email":"2@gmail.com","level":"info","message":"✅ Login bem-sucedido para:","timestamp":"2025-05-17T16:11:59.325Z"}
{"email":"s1@gmail.com","level":"info","message":"📩 Dados recebidos:","timestamp":"2025-05-17T16:14:50.629Z"}
{"email":"s1@gmail.com","level":"info","message":"✅ Login bem-sucedido para:","timestamp":"2025-05-17T16:14:50.852Z"}
{"email":"diogolopes123@gmail.com","level":"info","message":"📩 Dados recebidos:","timestamp":"2025-05-19T13:33:22.297Z"}
{"email":"diogolopes123@gmail.com","level":"info","message":"✅ Login bem-sucedido para:","timestamp":"2025-05-19T13:33:22.475Z"}
{"email":"PedroSantos@esbbe.pt","level":"info","message":"📩 Dados recebidos:","timestamp":"2025-05-19T13:35:14.065Z"}
{"email":"2@gmail.com","level":"info","message":"📩 Dados recebidos:","timestamp":"2025-05-19T13:35:22.502Z"}
{"email":"2@gmail.com","level":"info","message":"✅ Login bem-sucedido para:","timestamp":"2025-05-19T13:35:22.568Z"}
{"email":"2@gmail.com","level":"info","message":"📩 Dados recebidos:","timestamp":"2025-05-19T17:38:36.514Z"}
{"email":"2@gmail.com","level":"info","message":"✅ Login bem-sucedido para:","timestamp":"2025-05-19T17:38:36.727Z"}
{"email":"diogolopes123@gmail.com","level":"info","message":"📩 Dados recebidos:","timestamp":"2025-05-19T17:38:39.987Z"}
{"email":"diogolopes123@gmail.com","level":"info","message":"📩 Dados recebidos:","timestamp":"2025-05-19T17:38:43.064Z"}
{"email":"diogolopes123@gmail.com","level":"info","message":"✅ Login bem-sucedido para:","timestamp":"2025-05-19T17:38:43.143Z"}
{"level":"info","message":"Iniciando registro de usuário","timestamp":"2025-05-19T17:39:25.028Z"}
{"email":"marco1234@gmail.com","id":15,"level":"info","message":"Usuário registrado com sucesso:","timestamp":"2025-05-19T17:39:25.310Z"}
{"email":"marco1234@gmail.com","level":"info","message":"📩 Dados recebidos:","timestamp":"2025-05-19T17:39:35.711Z"}
{"email":"marco1234@gmail.com","level":"info","message":"✅ Login bem-sucedido para:","timestamp":"2025-05-19T17:39:35.811Z"}
{"level":"info","message":"Iniciando registro de usuário","timestamp":"2025-05-19T17:40:38.264Z"}
{"email":"joao5264@gmail.com","id":16,"level":"info","message":"Usuário registrado com sucesso:","timestamp":"2025-05-19T17:40:38.447Z"}
{"email":"joao5264@gmail.com","level":"info","message":"📩 Dados recebidos:","timestamp":"2025-05-19T17:40:47.542Z"}
{"email":"joao5264@gmail.com","level":"info","message":"✅ Login bem-sucedido para:","timestamp":"2025-05-19T17:40:47.624Z"}
{"email":"marco1234@gmail.com","level":"info","message":"📩 Dados recebidos:","timestamp":"2025-05-19T17:41:50.878Z"}
{"email":"marco1234@gmail.com","level":"info","message":"📩 Dados recebidos:","timestamp":"2025-05-19T17:41:57.474Z"}
{"email":"marco1234@gmail.com","level":"info","message":"📩 Dados recebidos:","timestamp":"2025-05-19T17:42:04.477Z"}
{"email":"marco1234@gmail.com","level":"info","message":"✅ Login bem-sucedido para:","timestamp":"2025-05-19T17:42:04.552Z"}
{"email":"joao5264@gmail.com","level":"info","message":"📩 Dados recebidos:","timestamp":"2025-05-19T17:43:42.562Z"}
{"email":"joao5264@gmail.com","level":"info","message":"✅ Login bem-sucedido para:","timestamp":"2025-05-19T17:43:42.738Z"}
{"email":"s1@gmail.com","level":"info","message":"📩 Dados recebidos:","timestamp":"2025-05-19T17:44:34.394Z"}
{"email":"s1@gmail.com","level":"info","message":"✅ Login bem-sucedido para:","timestamp":"2025-05-19T17:44:34.642Z"}
{"email":"2@gmail.com","level":"info","message":"📩 Dados recebidos:","timestamp":"2025-05-19T17:47:51.262Z"}
{"email":"2@gmail.com","level":"info","message":"✅ Login bem-sucedido para:","timestamp":"2025-05-19T17:47:51.436Z"}
{"email":"s1@gmail.com","level":"info","message":"📩 Dados recebidos:","timestamp":"2025-05-19T17:49:01.089Z"}
{"email":"s1@gmail.com","level":"info","message":"✅ Login bem-sucedido para:","timestamp":"2025-05-19T17:49:01.277Z"}
